Godot Engine v4.6.2.stable.official.71f334935 - https://godotengine.org

ERROR: Failed to read the root certificate store.
   at: get_system_ca_certificates (platform/windows/os_windows.cpp:2570)
---  GUT  ---
[INFO]:  using [D:/Projekte/Godot/atraxis/.tmp_appdata/Godot/app_userdata/Atraxis] for temporary output.
Godot version:  4.6.2
GUT version:  9.6.0


res://tests/test_anchor_field.gd
* test_field_patch_specs_keep_single_black_hole_as_center_only
* test_field_patch_specs_expand_into_concentric_rings
* test_field_ring_count_matches_total_black_hole_count
* test_galaxy_cluster_specs_return_correct_total_count
* test_cluster_center_specs_keep_primary_cluster_at_origin
* test_black_hole_distribution_across_clusters_preserves_total
* test_galaxy_cluster_cluster_specs_keep_local_black_hole_totals
* test_galaxy_cluster_specs_have_exactly_one_is_central
* test_galaxy_cluster_voids_are_larger_than_cluster_radius
    [Failed]:  cross-cluster BH distance should exceed (void_scale - 1) × cluster_radius to ensure real voids
      at line 93
8/9 passed.


res://tests/test_collision.gd
* test_broadphase_detects_star_overlap_before_grid_neighbors
* test_star_impact_removes_impactor_and_spawns_debris
2/2 passed.


res://tests/test_debug_metrics.gd
* test_scripted_planet_metrics_report_orbit_deviation
* test_chaos_score_uses_fixed_phase1_formula
* test_calm_but_awake_world_stays_near_zero_chaos
* test_empty_world_metrics_are_stable
* test_simulation_counts_include_sleeping_fragments_and_debris
* test_anchor_metrics_report_negative_and_non_negative_specific_energy_stars
* test_anchor_energy_diagnostics_do_not_capture_or_rebind_stars
* test_anchor_metrics_report_dominant_and_secondary_black_holes_per_star
8/8 passed.


res://tests/test_galaxy_builder.gd
* test_galaxy_builder_field_patch_is_deterministic_for_same_seed
* test_anchor_topologies_map_to_expected_cluster_counts
* test_galaxy_cluster_keeps_remote_clusters_unloaded_and_data_only
* test_cluster_black_holes_start_resident_and_expose_lifecycle_scaffold
* test_active_cluster_session_activates_primary_cluster_and_maps_local_to_global
* test_active_cluster_session_switch_marks_previous_cluster_simplified
* test_compatibility_build_from_config_matches_active_session_projection
* test_active_cluster_session_black_hole_mass_updates_source_of_truth_and_projection
8/8 passed.


res://tests/test_galaxy_runtime.gd
* test_runtime_step_writes_active_cluster_back_into_source_of_truth
* test_runtime_cluster_switch_writes_back_and_reloads_from_snapshot
* test_simplified_cluster_step_applies_black_hole_pull_to_deactivated_dynamic_body
* test_focus_relevance_switches_active_cluster_to_nearest_focus_cluster
* test_focus_relevance_keeps_nearest_remote_cluster_simplified_while_it_stays_relevant
* test_simplified_cluster_unloads_after_idle_delay
    [Failed]:  [1] expected to equal [0]:  simplified clusters should freeze back into unloaded source state after the unload delay
      at line 287
    [Failed]:  [2] expected to equal [0]:  unloaded clusters should persist objects as resident data instead of active or simplified runtime state
      at line 292
    [Failed]:  unload policy should wait at least the configured simplified idle delay
      at line 297
* test_unloaded_cluster_reloads_from_persisted_snapshot
* test_cluster_activation_request_switches_cluster_on_next_step
7/8 passed.


res://tests/test_gravity.gd
* test_kinematic_source_accelerates_dynamic_target
* test_kinematic_target_does_not_collect_acceleration
2/2 passed.


res://tests/test_gravity_debug_data.gd
* test_radius_from_mass_and_threshold_matches_inverse_square_formula
* test_build_ring_specs_only_uses_active_stars
* test_small_rings_under_screen_threshold_are_not_emitted
* test_multiple_stars_build_separate_centers
* test_black_hole_also_contributes_gravity_debug_rings
5/5 passed.


res://tests/test_sim_world.gd
* test_close_black_hole_requests_multiple_adaptive_substeps
* test_far_from_black_hole_keeps_single_substep
* test_leapfrog_keeps_circular_star_orbit_stable
* test_close_flyby_stays_dynamic_without_periapsis_snap
* test_segment_black_hole_impact_catches_tunneling_star
5/5 passed.


res://tests/test_start_modes.gd
* test_default_config_prefers_dynamic_anchor
* test_dynamic_anchor_builds_macro_topology_with_dynamic_stars
    [Failed]:  [-0.03125000000000000000] expected to equal [0.0] +/- [0.01]:  dynamic anchor stars should start on circular tangential motion
      at line 34
* test_stable_anchor_builds_same_topology_with_analytic_stars
* test_chaos_mode_creates_dynamic_inflow_bodies_without_black_hole
* test_dynamic_anchor_field_patch_builds_central_and_outer_black_holes
* test_dynamic_anchor_field_patch_remains_stable_for_initial_steps
5/6 passed.


res://tests/test_world_builder.gd
* test_world_builder_creates_stable_anchor_reference_layout
* test_bound_core_planet_advances_with_moving_parent
* test_live_black_hole_mass_updates_analytic_star_carrier_speed
* test_field_patch_layout_keeps_central_bh_at_origin_and_outer_ring_spaced
* test_field_patch_accepts_single_black_hole_count_as_center_only
* test_live_black_hole_mass_updates_every_field_patch_anchor
6/6 passed.




==============================================
= Run Summary
==============================================

res://tests/test_anchor_field.gd
- test_galaxy_cluster_voids_are_larger_than_cluster_radius
    [Failed]:  cross-cluster BH distance should exceed (void_scale - 1) × cluster_radius to ensure real voids
          at line 93

res://tests/test_galaxy_runtime.gd
- test_simplified_cluster_unloads_after_idle_delay
    [Failed]:  [1] expected to equal [0]:  simplified clusters should freeze back into unloaded source state after the unload delay
          at line 287
    [Failed]:  [2] expected to equal [0]:  unloaded clusters should persist objects as resident data instead of active or simplified runtime state
          at line 292
    [Failed]:  unload policy should wait at least the configured simplified idle delay
          at line 297

res://tests/test_start_modes.gd
- test_dynamic_anchor_builds_macro_topology_with_dynamic_stars
    [Failed]:  [-0.03125000000000000000] expected to equal [0.0] +/- [0.01]:  dynamic anchor stars should start on circular tangential motion
          at line 34

Totals
------
Scripts              10
Tests                59
Passing Tests        56
Failing Tests         3
Asserts           365/370
Time              0.626s


---- 3 failing tests ----

ERROR: Capture not registered: 'signal_debugger'.
   at: unregister_message_capture (core/debugger/engine_debugger.cpp:62)
WARNING: ObjectDB instances leaked at exit (run with --verbose for details).
   at: cleanup (core/object/object.cpp:2641)
ERROR: 6 resources still in use at exit (run with --verbose for details).
   at: clear (core/io/resource.cpp:810)
