Godot Engine v4.6.2.stable.official.71f334935 - https://godotengine.org

ERROR: Failed to read the root certificate store.
   at: get_system_ca_certificates (platform/windows/os_windows.cpp:2570)
---  GUT  ---
[INFO]:  using [d:/Projekte/Godot/atraxis/.tmp_appdata/Godot/app_userdata/Atraxis] for temporary output.
Godot version:  4.6.2
GUT version:  9.6.0


res://tests/test_collision.gd
* test_broadphase_detects_star_overlap_before_grid_neighbors
* test_star_impact_removes_impactor_and_spawns_debris
2/2 passed.


res://tests/test_debug_metrics.gd
* test_scripted_planet_metrics_report_orbit_deviation
* test_chaos_score_uses_fixed_phase1_formula
* test_calm_but_awake_world_stays_near_zero_chaos
* test_empty_world_metrics_are_stable
* test_simulation_counts_include_sleeping_fragments_and_debris
* test_anchor_metrics_report_bound_and_unbound_stars
6/6 passed.


res://tests/test_gravity.gd
* test_kinematic_source_accelerates_dynamic_target
* test_kinematic_target_does_not_collect_acceleration
2/2 passed.


res://tests/test_gravity_debug_data.gd
* test_radius_from_mass_and_threshold_matches_inverse_square_formula
* test_build_ring_specs_only_uses_active_stars
* test_small_rings_under_screen_threshold_are_not_emitted
* test_multiple_stars_build_separate_centers
* test_black_hole_also_contributes_gravity_debug_rings
5/5 passed.


res://tests/test_start_modes.gd
* test_default_config_prefers_dynamic_anchor
* test_dynamic_anchor_builds_macro_topology_with_dynamic_stars
* test_stable_anchor_builds_same_topology_with_analytic_stars
* test_chaos_mode_creates_dynamic_inflow_bodies_without_black_hole
4/4 passed.


res://tests/test_world_builder.gd
* test_world_builder_creates_stable_anchor_reference_layout
* test_bound_core_planet_advances_with_moving_parent
* test_live_black_hole_mass_updates_analytic_star_carrier_speed
3/3 passed.




==============================================
= Run Summary
==============================================

Totals
------
Scripts               6
Tests                22
Passing Tests        22
Asserts             130
Time              0.371s


---- All tests passed! ----

ERROR: Capture not registered: 'signal_debugger'.
   at: unregister_message_capture (core/debugger/engine_debugger.cpp:62)
WARNING: ObjectDB instances leaked at exit (run with --verbose for details).
   at: cleanup (core/object/object.cpp:2641)
ERROR: 6 resources still in use at exit (run with --verbose for details).
   at: clear (core/io/resource.cpp:810)
