Godot Engine v4.6.2.stable.official.71f334935 - https://godotengine.org

ERROR: Failed to read the root certificate store.
   at: get_system_ca_certificates (platform/windows/os_windows.cpp:2570)
---  GUT  ---
[INFO]:  using [d:/Projekte/Godot/atraxis/.tmp_appdata/Godot/app_userdata/Atraxis] for temporary output.
Godot version:  4.6.2
GUT version:  9.6.0
SCRIPT ERROR: Parse Error: Identifier "DebugMetrics" not declared in the current scope.
   at: GDScript::reload (res://tests/test_debug_metrics.gd:17)
   GDScript backtrace (most recent call first):
       [0] load_script_using_custom_warnings (res://addons/gut/warnings_manager.gd:173)
       [1] _parse_script (res://addons/gut/test_collector.gd:76)
       [2] add_script (res://addons/gut/test_collector.gd:127)
       [3] add_script (res://addons/gut/gut.gd:1053)
       [4] add_directory (res://addons/gut/gut.gd:1076)
       [5] _apply_options (res://addons/gut/gut_config.gd:136)
       [6] apply_options (res://addons/gut/gut_config.gd:207)
       [7] run_tests (res://addons/gut/gui/GutRunner.gd:192)
       [8] _run_tests (res://addons/gut/cli/gut_cli.gd:238)
       [9] main (res://addons/gut/cli/gut_cli.gd:284)
       [10] _init (res://addons/gut/gut_cmdln.gd:38)
SCRIPT ERROR: Parse Error: Identifier "DebugMetrics" not declared in the current scope.
   at: GDScript::reload (res://tests/test_debug_metrics.gd:49)
   GDScript backtrace (most recent call first):
       [0] load_script_using_custom_warnings (res://addons/gut/warnings_manager.gd:173)
       [1] _parse_script (res://addons/gut/test_collector.gd:76)
       [2] add_script (res://addons/gut/test_collector.gd:127)
       [3] add_script (res://addons/gut/gut.gd:1053)
       [4] add_directory (res://addons/gut/gut.gd:1076)
       [5] _apply_options (res://addons/gut/gut_config.gd:136)
       [6] apply_options (res://addons/gut/gut_config.gd:207)
       [7] run_tests (res://addons/gut/gui/GutRunner.gd:192)
       [8] _run_tests (res://addons/gut/cli/gut_cli.gd:238)
       [9] main (res://addons/gut/cli/gut_cli.gd:284)
       [10] _init (res://addons/gut/gut_cmdln.gd:38)
SCRIPT ERROR: Parse Error: Identifier "DebugMetrics" not declared in the current scope.
   at: GDScript::reload (res://tests/test_debug_metrics.gd:59)
   GDScript backtrace (most recent call first):
       [0] load_script_using_custom_warnings (res://addons/gut/warnings_manager.gd:173)
       [1] _parse_script (res://addons/gut/test_collector.gd:76)
       [2] add_script (res://addons/gut/test_collector.gd:127)
       [3] add_script (res://addons/gut/gut.gd:1053)
       [4] add_directory (res://addons/gut/gut.gd:1076)
       [5] _apply_options (res://addons/gut/gut_config.gd:136)
       [6] apply_options (res://addons/gut/gut_config.gd:207)
       [7] run_tests (res://addons/gut/gui/GutRunner.gd:192)
       [8] _run_tests (res://addons/gut/cli/gut_cli.gd:238)
       [9] main (res://addons/gut/cli/gut_cli.gd:284)
       [10] _init (res://addons/gut/gut_cmdln.gd:38)
SCRIPT ERROR: Parse Error: Identifier "DebugMetrics" not declared in the current scope.
   at: GDScript::reload (res://tests/test_debug_metrics.gd:105)
   GDScript backtrace (most recent call first):
       [0] load_script_using_custom_warnings (res://addons/gut/warnings_manager.gd:173)
       [1] _parse_script (res://addons/gut/test_collector.gd:76)
       [2] add_script (res://addons/gut/test_collector.gd:127)
       [3] add_script (res://addons/gut/gut.gd:1053)
       [4] add_directory (res://addons/gut/gut.gd:1076)
       [5] _apply_options (res://addons/gut/gut_config.gd:136)
       [6] apply_options (res://addons/gut/gut_config.gd:207)
       [7] run_tests (res://addons/gut/gui/GutRunner.gd:192)
       [8] _run_tests (res://addons/gut/cli/gut_cli.gd:238)
       [9] main (res://addons/gut/cli/gut_cli.gd:284)
       [10] _init (res://addons/gut/gut_cmdln.gd:38)
ERROR: Failed to load script "res://tests/test_debug_metrics.gd" with error "Parse error".
   at: load (modules/gdscript/gdscript.cpp:2907)
   GDScript backtrace (most recent call first):
       [0] load_script_using_custom_warnings (res://addons/gut/warnings_manager.gd:173)
       [1] _parse_script (res://addons/gut/test_collector.gd:76)
       [2] add_script (res://addons/gut/test_collector.gd:127)
       [3] add_script (res://addons/gut/gut.gd:1053)
       [4] add_directory (res://addons/gut/gut.gd:1076)
       [5] _apply_options (res://addons/gut/gut_config.gd:136)
       [6] apply_options (res://addons/gut/gut_config.gd:207)
       [7] run_tests (res://addons/gut/gui/GutRunner.gd:192)
       [8] _run_tests (res://addons/gut/cli/gut_cli.gd:238)
       [9] main (res://addons/gut/cli/gut_cli.gd:284)
       [10] _init (res://addons/gut/gut_cmdln.gd:38)
[WARNING]:  Ignoring script res://tests/test_debug_metrics.gd because it does not extend GutTest


res://tests/test_collision.gd
* test_broadphase_detects_star_overlap_before_grid_neighbors
* test_star_impact_removes_impactor_and_spawns_debris
2/2 passed.


res://tests/test_gravity.gd
* test_kinematic_source_accelerates_dynamic_target
* test_kinematic_target_does_not_collect_acceleration
2/2 passed.


res://tests/test_world_builder.gd
* test_world_builder_creates_phase1_mvp_layout
* test_scripted_planet_orbit_advances_without_leaving_its_radius
2/2 passed.




==============================================
= Run Summary
==============================================

Totals
------
Warnings              1

Scripts               3
Tests                 6
Passing Tests         6
Asserts              26
Time              0.393s


---- All tests passed! ----

ERROR: Capture not registered: 'signal_debugger'.
   at: unregister_message_capture (core/debugger/engine_debugger.cpp:62)
WARNING: ObjectDB instances leaked at exit (run with --verbose for details).
   at: cleanup (core/object/object.cpp:2641)
ERROR: 6 resources still in use at exit (run with --verbose for details).
   at: clear (core/io/resource.cpp:810)
